2020-05-07 20:04:53.048905: wfastcgi.py will restart when files in C:\inetpub\wwwroot\project1\ are changed: .*((\.py)|(\.config))$
2020-05-07 20:04:53.048905: wfastcgi.py 3.0.0 initialized
2020-05-07 20:06:17.100621: wfastcgi.py exiting because project1\settings.py has changed, matching .*((\.py)|(\.config))$
2020-05-07 20:06:17.100621: Running on_exit tasks
2020-05-07 20:06:35.226665: wfastcgi.py will restart when files in C:\inetpub\wwwroot\project1\ are changed: .*((\.py)|(\.config))$
2020-05-07 20:06:35.226665: wfastcgi.py 3.0.0 initialized
2020-05-07 20:18:39.905224: wfastcgi.py will restart when files in C:\inetpub\wwwroot\project1\ are changed: .*((\.py)|(\.config))$
2020-05-07 20:18:39.920850: wfastcgi.py 3.0.0 initialized
2020-05-07 21:49:27.606521: wfastcgi.py will restart when files in C:\inetpub\wwwroot\project1\ are changed: .*((\.py)|(\.config))$
2020-05-07 21:49:27.606521: wfastcgi.py 3.0.0 initialized
2020-05-07 21:57:21.631247: wfastcgi.py will restart when files in C:\inetpub\wwwroot\project1\ are changed: .*((\.py)|(\.config))$
2020-05-07 21:57:21.631247: wfastcgi.py 3.0.0 initialized
2020-05-07 22:01:58.886570: wfastcgi.py will restart when files in C:\inetpub\wwwroot\project1\ are changed: .*((\.py)|(\.config))$
2020-05-07 22:01:58.886570: wfastcgi.py 3.0.0 initialized
2020-05-08 08:29:52.772055: wfastcgi.py will restart when files in C:\inetpub\wwwroot\project1\ are changed: .*((\.py)|(\.config))$
2020-05-08 08:29:52.772055: wfastcgi.py 3.0.0 initialized
2020-05-08 08:33:14.240805: wfastcgi.py exiting because project1\view.py has changed, matching .*((\.py)|(\.config))$
2020-05-08 08:33:14.240805: Running on_exit tasks
2020-05-08 08:33:22.272055: wfastcgi.py will restart when files in C:\inetpub\wwwroot\project1\ are changed: .*((\.py)|(\.config))$
2020-05-08 08:33:22.272055: wfastcgi.py 3.0.0 initialized
2020-05-08 16:57:07.461373: wfastcgi.py will restart when files in C:\inetpub\wwwroot\project1\ are changed: .*((\.py)|(\.config))$
2020-05-08 16:57:07.461373: wfastcgi.py 3.0.0 initialized
2020-05-19 15:11:44.026295: Error occurred while reading WSGI handler:

Traceback (most recent call last):
  File "C:\inetpub\wwwroot\django\wfastcgi.py", line 791, in main
    env, handler = read_wsgi_handler(response.physical_path)
  File "C:\inetpub\wwwroot\django\wfastcgi.py", line 633, in read_wsgi_handler
    handler = get_wsgi_handler(os.getenv("WSGI_HANDLER"))
  File "C:\inetpub\wwwroot\django\wfastcgi.py", line 616, in get_wsgi_handler
    raise ValueError('"%s" could not be imported%s' % (handler_name, last_tb))
ValueError: "django.core.wsgi.get_wsgi_application()" could not be imported: Traceback (most recent call last):
  File "C:\inetpub\wwwroot\django\wfastcgi.py", line 600, in get_wsgi_handler
    handler = __import__(module_name, fromlist=[name_list[0][0]])
ModuleNotFoundError: No module named 'django'



StdOut: 

StdErr: 
2020-05-19 15:11:44.026295: Unhandled exception in wfastcgi.py: Traceback (most recent call last):
  File "C:\inetpub\wwwroot\django\wfastcgi.py", line 791, in main
    env, handler = read_wsgi_handler(response.physical_path)
  File "C:\inetpub\wwwroot\django\wfastcgi.py", line 633, in read_wsgi_handler
    handler = get_wsgi_handler(os.getenv("WSGI_HANDLER"))
  File "C:\inetpub\wwwroot\django\wfastcgi.py", line 616, in get_wsgi_handler
    raise ValueError('"%s" could not be imported%s' % (handler_name, last_tb))
ValueError: "django.core.wsgi.get_wsgi_application()" could not be imported: Traceback (most recent call last):
  File "C:\inetpub\wwwroot\django\wfastcgi.py", line 600, in get_wsgi_handler
    handler = __import__(module_name, fromlist=[name_list[0][0]])
ModuleNotFoundError: No module named 'django'

2020-05-19 15:11:44.026295: Running on_exit tasks
2020-05-19 15:11:44.026295: wfastcgi.py 3.0.0 closed
2020-05-19 15:11:48.885639: Error occurred while reading WSGI handler:

Traceback (most recent call last):
  File "C:\inetpub\wwwroot\django\wfastcgi.py", line 791, in main
    env, handler = read_wsgi_handler(response.physical_path)
  File "C:\inetpub\wwwroot\django\wfastcgi.py", line 633, in read_wsgi_handler
    handler = get_wsgi_handler(os.getenv("WSGI_HANDLER"))
  File "C:\inetpub\wwwroot\django\wfastcgi.py", line 616, in get_wsgi_handler
    raise ValueError('"%s" could not be imported%s' % (handler_name, last_tb))
ValueError: "django.core.wsgi.get_wsgi_application()" could not be imported: Traceback (most recent call last):
  File "C:\inetpub\wwwroot\django\wfastcgi.py", line 600, in get_wsgi_handler
    handler = __import__(module_name, fromlist=[name_list[0][0]])
ModuleNotFoundError: No module named 'django'



StdOut: 

StdErr: 
2020-05-19 15:11:48.885639: Unhandled exception in wfastcgi.py: Traceback (most recent call last):
  File "C:\inetpub\wwwroot\django\wfastcgi.py", line 791, in main
    env, handler = read_wsgi_handler(response.physical_path)
  File "C:\inetpub\wwwroot\django\wfastcgi.py", line 633, in read_wsgi_handler
    handler = get_wsgi_handler(os.getenv("WSGI_HANDLER"))
  File "C:\inetpub\wwwroot\django\wfastcgi.py", line 616, in get_wsgi_handler
    raise ValueError('"%s" could not be imported%s' % (handler_name, last_tb))
ValueError: "django.core.wsgi.get_wsgi_application()" could not be imported: Traceback (most recent call last):
  File "C:\inetpub\wwwroot\django\wfastcgi.py", line 600, in get_wsgi_handler
    handler = __import__(module_name, fromlist=[name_list[0][0]])
ModuleNotFoundError: No module named 'django'

2020-05-19 15:11:48.885639: Running on_exit tasks
2020-05-19 15:11:48.885639: wfastcgi.py 3.0.0 closed
2020-05-19 15:21:01.538352: wfastcgi.py will restart when files in C:\inetpub\wwwroot\django\ are changed: .*((\.py)|(\.config))$
2020-05-19 15:21:01.538352: wfastcgi.py 3.0.0 initialized
2020-05-19 15:21:30.116294: wfastcgi.py will restart when files in C:\inetpub\wwwroot\django\ are changed: .*((\.py)|(\.config))$
2020-05-19 15:21:30.116294: wfastcgi.py 3.0.0 initialized
2020-05-19 15:22:14.475385: wfastcgi.py exiting because blogproject\settings.py has changed, matching .*((\.py)|(\.config))$
2020-05-19 15:22:14.475385: Running on_exit tasks
2020-05-19 15:22:18.647234: wfastcgi.py will restart when files in C:\inetpub\wwwroot\django\ are changed: .*((\.py)|(\.config))$
2020-05-19 15:22:18.647234: wfastcgi.py 3.0.0 initialized
2020-05-19 15:25:23.099178: wfastcgi.py will restart when files in C:\inetpub\wwwroot\django\ are changed: .*((\.py)|(\.config))$
2020-05-19 15:25:23.099178: wfastcgi.py 3.0.0 initialized
2020-05-19 15:41:44.971780: wfastcgi.py exiting because static\web.config has changed, matching .*((\.py)|(\.config))$
2020-05-19 15:41:44.971780: Running on_exit tasks
2020-05-19 15:42:03.846659: wfastcgi.py will restart when files in C:\inetpub\wwwroot\django\ are changed: .*((\.py)|(\.config))$
2020-05-19 15:42:03.846659: wfastcgi.py 3.0.0 initialized
2020-05-19 15:44:13.252081: wfastcgi.py will restart when files in C:\inetpub\wwwroot\django\ are changed: .*((\.py)|(\.config))$
2020-05-19 15:44:13.252081: wfastcgi.py 3.0.0 initialized
2020-05-19 15:45:12.736075: wfastcgi.py will restart when files in C:\inetpub\wwwroot\django\ are changed: .*((\.py)|(\.config))$
2020-05-19 15:45:12.736075: wfastcgi.py 3.0.0 initialized
2020-05-19 15:50:38.562115: wfastcgi.py will restart when files in C:\inetpub\wwwroot\django\ are changed: .*((\.py)|(\.config))$
2020-05-19 15:50:38.562115: wfastcgi.py 3.0.0 initialized
2020-05-19 15:59:54.672714: wfastcgi.py will restart when files in C:\inetpub\wwwroot\django\ are changed: .*((\.py)|(\.config))$
2020-05-19 15:59:54.672714: wfastcgi.py 3.0.0 initialized
2020-05-19 16:07:15.863038: wfastcgi.py will restart when files in C:\inetpub\wwwroot\django\ are changed: .*((\.py)|(\.config))$
2020-05-19 16:07:15.863038: wfastcgi.py 3.0.0 initialized
2020-05-19 16:20:25.383716: wfastcgi.py will restart when files in C:\inetpub\wwwroot\django\ are changed: .*((\.py)|(\.config))$
2020-05-19 16:20:25.383716: wfastcgi.py 3.0.0 initialized
2020-05-19 16:21:03.493334: wfastcgi.py exiting because blog\static\blog\web.config has changed, matching .*((\.py)|(\.config))$
2020-05-19 16:21:03.493334: Running on_exit tasks
2020-05-19 16:21:31.399763: wfastcgi.py will restart when files in C:\inetpub\wwwroot\django\ are changed: .*((\.py)|(\.config))$
2020-05-19 16:21:31.415388: wfastcgi.py 3.0.0 initialized
2020-05-19 16:39:50.371641: wfastcgi.py will restart when files in C:\inetpub\wwwroot\django\ are changed: .*((\.py)|(\.config))$
2020-05-19 16:39:50.371641: wfastcgi.py 3.0.0 initialized
2020-05-19 17:17:13.226954: wfastcgi.py will restart when files in C:\inetpub\wwwroot\django\ are changed: .*((\.py)|(\.config))$
2020-05-19 17:17:13.226954: wfastcgi.py 3.0.0 initialized
2020-05-19 17:26:14.445704: wfastcgi.py will restart when files in C:\inetpub\wwwroot\django\ are changed: .*((\.py)|(\.config))$
2020-05-19 17:26:14.445704: wfastcgi.py 3.0.0 initialized
2020-05-19 17:30:18.445704: wfastcgi.py will restart when files in C:\inetpub\wwwroot\django\ are changed: .*((\.py)|(\.config))$
2020-05-19 17:30:18.445704: wfastcgi.py 3.0.0 initialized
2020-05-19 17:36:49.117579: wfastcgi.py will restart when files in C:\inetpub\wwwroot\django\ are changed: .*((\.py)|(\.config))$
2020-05-19 17:36:49.117579: wfastcgi.py 3.0.0 initialized
2020-05-19 18:07:52.305079: wfastcgi.py will restart when files in C:\inetpub\wwwroot\django\ are changed: .*((\.py)|(\.config))$
2020-05-19 18:07:52.305079: wfastcgi.py 3.0.0 initialized
2020-05-19 18:24:03.258204: wfastcgi.py will restart when files in C:\inetpub\wwwroot\django\ are changed: .*((\.py)|(\.config))$
2020-05-19 18:24:03.258204: wfastcgi.py 3.0.0 initialized
2020-05-19 18:45:42.711329: wfastcgi.py will restart when files in C:\inetpub\wwwroot\django\ are changed: .*((\.py)|(\.config))$
2020-05-19 18:45:42.711329: wfastcgi.py 3.0.0 initialized
2020-05-19 19:05:25.820704: wfastcgi.py will restart when files in C:\inetpub\wwwroot\django\ are changed: .*((\.py)|(\.config))$
2020-05-19 19:05:25.820704: wfastcgi.py 3.0.0 initialized
2020-05-19 19:16:14.338743: wfastcgi.py will restart when files in C:\inetpub\wwwroot\django\ are changed: .*((\.py)|(\.config))$
2020-05-19 19:16:14.338743: wfastcgi.py 3.0.0 initialized
2020-05-19 19:22:59.200709: wfastcgi.py will restart when files in C:\inetpub\wwwroot\django\ are changed: .*((\.py)|(\.config))$
2020-05-19 19:22:59.200709: wfastcgi.py 3.0.0 initialized
2020-05-19 19:43:10.727096: wfastcgi.py will restart when files in C:\inetpub\wwwroot\django\ are changed: .*((\.py)|(\.config))$
2020-05-19 19:43:10.727096: wfastcgi.py 3.0.0 initialized
2020-05-19 19:51:14.036503: wfastcgi.py will restart when files in C:\inetpub\wwwroot\django\ are changed: .*((\.py)|(\.config))$
2020-05-19 19:51:14.036503: wfastcgi.py 3.0.0 initialized
2020-05-19 19:51:41.833200: wfastcgi.py will restart when files in C:\inetpub\wwwroot\django\ are changed: .*((\.py)|(\.config))$
2020-05-19 19:51:41.833200: wfastcgi.py 3.0.0 initialized
2020-05-19 20:05:46.816072: wfastcgi.py will restart when files in C:\inetpub\wwwroot\django\ are changed: .*((\.py)|(\.config))$
2020-05-19 20:05:46.816072: wfastcgi.py 3.0.0 initialized
2020-05-19 20:31:37.622393: wfastcgi.py will restart when files in C:\inetpub\wwwroot\django\ are changed: .*((\.py)|(\.config))$
2020-05-19 20:31:37.622393: wfastcgi.py 3.0.0 initialized
2020-05-19 21:02:08.415360: wfastcgi.py will restart when files in C:\inetpub\wwwroot\django\ are changed: .*((\.py)|(\.config))$
2020-05-19 21:02:08.415360: wfastcgi.py 3.0.0 initialized
2020-05-19 21:29:00.081924: wfastcgi.py will restart when files in C:\inetpub\wwwroot\django\ are changed: .*((\.py)|(\.config))$
2020-05-19 21:29:00.081924: wfastcgi.py 3.0.0 initialized
2020-05-19 21:58:01.862791: wfastcgi.py will restart when files in C:\inetpub\wwwroot\django\ are changed: .*((\.py)|(\.config))$
2020-05-19 21:58:01.862791: wfastcgi.py 3.0.0 initialized
2020-05-19 22:14:10.481592: wfastcgi.py will restart when files in C:\inetpub\wwwroot\django\ are changed: .*((\.py)|(\.config))$
2020-05-19 22:14:10.481592: wfastcgi.py 3.0.0 initialized
2020-05-19 22:27:37.992049: wfastcgi.py will restart when files in C:\inetpub\wwwroot\django\ are changed: .*((\.py)|(\.config))$
2020-05-19 22:27:38.007674: wfastcgi.py 3.0.0 initialized
2020-05-19 23:22:26.438780: wfastcgi.py will restart when files in C:\inetpub\wwwroot\django\ are changed: .*((\.py)|(\.config))$
2020-05-19 23:22:26.438780: wfastcgi.py 3.0.0 initialized
2020-05-19 23:55:02.591924: wfastcgi.py will restart when files in C:\inetpub\wwwroot\django\ are changed: .*((\.py)|(\.config))$
2020-05-19 23:55:02.607549: wfastcgi.py 3.0.0 initialized
2020-05-20 00:11:08.957484: wfastcgi.py will restart when files in C:\inetpub\wwwroot\django\ are changed: .*((\.py)|(\.config))$
2020-05-20 00:11:08.957484: wfastcgi.py 3.0.0 initialized
2020-05-20 00:56:07.177877: wfastcgi.py will restart when files in C:\inetpub\wwwroot\django\ are changed: .*((\.py)|(\.config))$
2020-05-20 00:56:07.177877: wfastcgi.py 3.0.0 initialized
2020-05-20 01:35:54.286905: wfastcgi.py will restart when files in C:\inetpub\wwwroot\django\ are changed: .*((\.py)|(\.config))$
2020-05-20 01:35:54.286905: wfastcgi.py 3.0.0 initialized
2020-05-20 02:23:21.124878: wfastcgi.py will restart when files in C:\inetpub\wwwroot\django\ are changed: .*((\.py)|(\.config))$
2020-05-20 02:23:21.124878: wfastcgi.py 3.0.0 initialized
2020-05-20 03:06:50.232106: wfastcgi.py will restart when files in C:\inetpub\wwwroot\django\ are changed: .*((\.py)|(\.config))$
2020-05-20 03:06:50.232106: wfastcgi.py 3.0.0 initialized
2020-05-20 03:14:57.913364: wfastcgi.py will restart when files in C:\inetpub\wwwroot\django\ are changed: .*((\.py)|(\.config))$
2020-05-20 03:14:57.913364: wfastcgi.py 3.0.0 initialized
2020-05-20 03:23:36.756254: wfastcgi.py will restart when files in C:\inetpub\wwwroot\django\ are changed: .*((\.py)|(\.config))$
2020-05-20 03:23:36.756254: wfastcgi.py 3.0.0 initialized
2020-05-20 03:33:08.193754: wfastcgi.py will restart when files in C:\inetpub\wwwroot\django\ are changed: .*((\.py)|(\.config))$
2020-05-20 03:33:08.193754: wfastcgi.py 3.0.0 initialized
2020-05-20 03:44:16.459379: wfastcgi.py will restart when files in C:\inetpub\wwwroot\django\ are changed: .*((\.py)|(\.config))$
2020-05-20 03:44:16.459379: wfastcgi.py 3.0.0 initialized
2020-05-20 04:02:59.959379: wfastcgi.py will restart when files in C:\inetpub\wwwroot\django\ are changed: .*((\.py)|(\.config))$
2020-05-20 04:02:59.975004: wfastcgi.py 3.0.0 initialized
2020-05-20 04:09:12.709379: wfastcgi.py will restart when files in C:\inetpub\wwwroot\django\ are changed: .*((\.py)|(\.config))$
2020-05-20 04:09:12.709379: wfastcgi.py 3.0.0 initialized
2020-05-20 05:07:32.490629: wfastcgi.py will restart when files in C:\inetpub\wwwroot\django\ are changed: .*((\.py)|(\.config))$
2020-05-20 05:07:32.490629: wfastcgi.py 3.0.0 initialized
2020-05-20 05:39:07.983855: wfastcgi.py will restart when files in C:\inetpub\wwwroot\django\ are changed: .*((\.py)|(\.config))$
2020-05-20 05:39:07.983855: wfastcgi.py 3.0.0 initialized
2020-05-20 05:57:12.131418: wfastcgi.py will restart when files in C:\inetpub\wwwroot\django\ are changed: .*((\.py)|(\.config))$
2020-05-20 05:57:12.131418: wfastcgi.py 3.0.0 initialized
2020-05-20 06:11:48.402651: wfastcgi.py will restart when files in C:\inetpub\wwwroot\django\ are changed: .*((\.py)|(\.config))$
2020-05-20 06:11:48.402651: wfastcgi.py 3.0.0 initialized
2020-05-20 06:21:42.093951: wfastcgi.py will restart when files in C:\inetpub\wwwroot\django\ are changed: .*((\.py)|(\.config))$
2020-05-20 06:21:42.093951: wfastcgi.py 3.0.0 initialized
2020-05-20 06:27:52.299445: wfastcgi.py will restart when files in C:\inetpub\wwwroot\django\ are changed: .*((\.py)|(\.config))$
2020-05-20 06:27:52.299445: wfastcgi.py 3.0.0 initialized
2020-05-20 07:26:30.357360: wfastcgi.py will restart when files in C:\inetpub\wwwroot\django\ are changed: .*((\.py)|(\.config))$
2020-05-20 07:26:30.357360: wfastcgi.py 3.0.0 initialized
2020-05-20 08:33:33.777264: wfastcgi.py will restart when files in C:\inetpub\wwwroot\django\ are changed: .*((\.py)|(\.config))$
2020-05-20 08:33:33.777264: wfastcgi.py 3.0.0 initialized
2020-05-20 08:41:43.871014: wfastcgi.py will restart when files in C:\inetpub\wwwroot\django\ are changed: .*((\.py)|(\.config))$
2020-05-20 08:41:43.871014: wfastcgi.py 3.0.0 initialized
2020-05-20 08:41:47.933514: wfastcgi.py will restart when files in C:\inetpub\wwwroot\django\ are changed: .*((\.py)|(\.config))$
2020-05-20 08:41:47.933514: wfastcgi.py 3.0.0 initialized
2020-05-20 08:41:51.964764: wfastcgi.py will restart when files in C:\inetpub\wwwroot\django\ are changed: .*((\.py)|(\.config))$
2020-05-20 08:41:51.964764: wfastcgi.py 3.0.0 initialized
2020-05-20 08:41:55.980389: wfastcgi.py will restart when files in C:\inetpub\wwwroot\django\ are changed: .*((\.py)|(\.config))$
2020-05-20 08:41:55.980389: wfastcgi.py 3.0.0 initialized
2020-05-20 08:53:52.888353: wfastcgi.py will restart when files in C:\inetpub\wwwroot\django\ are changed: .*((\.py)|(\.config))$
2020-05-20 08:53:52.888353: wfastcgi.py 3.0.0 initialized
2020-05-20 09:30:55.230701: wfastcgi.py will restart when files in C:\inetpub\wwwroot\django\ are changed: .*((\.py)|(\.config))$
2020-05-20 09:30:55.230701: wfastcgi.py 3.0.0 initialized
2020-05-20 09:48:21.846774: wfastcgi.py will restart when files in C:\inetpub\wwwroot\django\ are changed: .*((\.py)|(\.config))$
2020-05-20 09:48:21.846774: wfastcgi.py 3.0.0 initialized
2020-05-20 10:21:42.807362: wfastcgi.py will restart when files in C:\inetpub\wwwroot\django\ are changed: .*((\.py)|(\.config))$
2020-05-20 10:21:42.807362: wfastcgi.py 3.0.0 initialized
2020-05-20 10:53:42.288397: wfastcgi.py will restart when files in C:\inetpub\wwwroot\django\ are changed: .*((\.py)|(\.config))$
2020-05-20 10:53:42.288397: wfastcgi.py 3.0.0 initialized
2020-05-20 11:16:36.047189: wfastcgi.py will restart when files in C:\inetpub\wwwroot\django\ are changed: .*((\.py)|(\.config))$
2020-05-20 11:16:36.047189: wfastcgi.py 3.0.0 initialized
2020-05-20 11:48:15.165583: wfastcgi.py will restart when files in C:\inetpub\wwwroot\django\ are changed: .*((\.py)|(\.config))$
2020-05-20 11:48:15.165583: wfastcgi.py 3.0.0 initialized
2020-05-20 11:59:04.241536: wfastcgi.py will restart when files in C:\inetpub\wwwroot\django\ are changed: .*((\.py)|(\.config))$
2020-05-20 11:59:04.257161: wfastcgi.py 3.0.0 initialized
2020-05-20 12:22:26.757491: wfastcgi.py will restart when files in C:\inetpub\wwwroot\django\ are changed: .*((\.py)|(\.config))$
2020-05-20 12:22:26.757491: wfastcgi.py 3.0.0 initialized
2020-05-20 12:27:13.826777: wfastcgi.py exiting because blog\views.py has changed, matching .*((\.py)|(\.config))$
2020-05-20 12:27:13.826777: Running on_exit tasks
2020-05-20 12:28:01.504594: Error occurred while reading WSGI handler:

Traceback (most recent call last):
  File "C:\inetpub\wwwroot\django\wfastcgi.py", line 791, in main
    env, handler = read_wsgi_handler(response.physical_path)
  File "C:\inetpub\wwwroot\django\wfastcgi.py", line 633, in read_wsgi_handler
    handler = get_wsgi_handler(os.getenv("WSGI_HANDLER"))
  File "C:\inetpub\wwwroot\django\wfastcgi.py", line 605, in get_wsgi_handler
    handler = handler()
  File "C:\Users\Administrator\.virtualenvs\django-ORF3S4_Z\lib\site-packages\django\core\wsgi.py", line 12, in get_wsgi_application
    django.setup(set_prefix=False)
  File "C:\Users\Administrator\.virtualenvs\django-ORF3S4_Z\lib\site-packages\django\__init__.py", line 24, in setup
    apps.populate(settings.INSTALLED_APPS)
  File "C:\Users\Administrator\.virtualenvs\django-ORF3S4_Z\lib\site-packages\django\apps\registry.py", line 83, in populate
    raise RuntimeError("populate() isn't reentrant")
RuntimeError: populate() isn't reentrant


StdOut: 

StdErr: 
2020-05-20 12:28:01.504594: Unhandled exception in wfastcgi.py: Traceback (most recent call last):
  File "C:\inetpub\wwwroot\django\wfastcgi.py", line 791, in main
    env, handler = read_wsgi_handler(response.physical_path)
  File "C:\inetpub\wwwroot\django\wfastcgi.py", line 633, in read_wsgi_handler
    handler = get_wsgi_handler(os.getenv("WSGI_HANDLER"))
  File "C:\inetpub\wwwroot\django\wfastcgi.py", line 605, in get_wsgi_handler
    handler = handler()
  File "C:\Users\Administrator\.virtualenvs\django-ORF3S4_Z\lib\site-packages\django\core\wsgi.py", line 12, in get_wsgi_application
    django.setup(set_prefix=False)
  File "C:\Users\Administrator\.virtualenvs\django-ORF3S4_Z\lib\site-packages\django\__init__.py", line 24, in setup
    apps.populate(settings.INSTALLED_APPS)
  File "C:\Users\Administrator\.virtualenvs\django-ORF3S4_Z\lib\site-packages\django\apps\registry.py", line 83, in populate
    raise RuntimeError("populate() isn't reentrant")
RuntimeError: populate() isn't reentrant
2020-05-20 12:28:01.504594: Running on_exit tasks
2020-05-20 12:28:01.504594: wfastcgi.py 3.0.0 closed
2020-05-20 12:30:12.491484: wfastcgi.py will restart when files in C:\inetpub\wwwroot\django\ are changed: .*((\.py)|(\.config))$
2020-05-20 12:30:12.491484: wfastcgi.py 3.0.0 initialized
2020-05-20 12:43:08.734904: wfastcgi.py will restart when files in C:\inetpub\wwwroot\django\ are changed: .*((\.py)|(\.config))$
2020-05-20 12:43:08.750530: wfastcgi.py 3.0.0 initialized
2020-05-20 12:48:51.178979: wfastcgi.py will restart when files in C:\inetpub\wwwroot\django\ are changed: .*((\.py)|(\.config))$
2020-05-20 12:48:51.178979: wfastcgi.py 3.0.0 initialized
2020-05-20 13:00:26.082946: wfastcgi.py will restart when files in C:\inetpub\wwwroot\django\ are changed: .*((\.py)|(\.config))$
2020-05-20 13:00:26.082946: wfastcgi.py 3.0.0 initialized
2020-05-20 13:10:57.157562: wfastcgi.py will restart when files in C:\inetpub\wwwroot\django\ are changed: .*((\.py)|(\.config))$
2020-05-20 13:10:57.173188: wfastcgi.py 3.0.0 initialized
2020-05-20 13:24:18.812878: wfastcgi.py will restart when files in C:\inetpub\wwwroot\django\ are changed: .*((\.py)|(\.config))$
2020-05-20 13:24:18.812878: wfastcgi.py 3.0.0 initialized
